<?xml version="1.0" encoding="UTF-8"?>
<!-- Generated by org.testng.reporters.JUnitReportReporter -->
<testsuite hostname="LAPTOP-5OQ7G3CN" failures="0" tests="6" name="Project.orange.HRM.DashboardTest" time="92.366" errors="0" timestamp="2023-06-05T21:56:51 IST" skipped="0">
  <testcase classname="Project.orange.HRM.DashboardTest" name="help" time="9.167"/>
  <system-out/>
  <testcase classname="Project.orange.HRM.DashboardTest" name="MyActionsFrame" time="21.344"/>
  <system-out/>
  <testcase classname="Project.orange.HRM.DashboardTest" name="Bottommenu" time="8.497"/>
  <system-out/>
  <testcase classname="Project.orange.HRM.DashboardTest" name="quicklaunch" time="27.929"/>
  <system-out/>
  <testcase classname="Project.orange.HRM.DashboardTest" name="Profilepage" time="13.422"/>
  <system-out/>
  <testcase classname="Project.orange.HRM.DashboardTest" name="Dash_Frame1" time="12.007"/>
  <system-out/>
</testsuite> <!-- Project.orange.HRM.DashboardTest -->
