<?xml version="1.0" encoding="UTF-8"?>
<!-- Generated by org.testng.reporters.JUnitReportReporter -->
<testsuite hostname="LAPTOP-5OQ7G3CN" failures="0" tests="1" name="Project.orange.HRM.LoginTest" time="12.288" errors="0" timestamp="2023-06-05T21:56:51 IST" skipped="0">
  <testcase classname="Project.orange.HRM.LoginTest" name="loginTest" time="12.288"/>
  <system-out/>
</testsuite> <!-- Project.orange.HRM.LoginTest -->
